c:\users\user\documents\visual studio 2010\projects\algobifest\algobifest\release\source.obj
c:\users\user\documents\visual studio 2010\projects\algobifest\algobifest\release\vc100.pdb
c:\users\user\documents\visual studio 2010\projects\algobifest\release\algobifest.exe
c:\users\user\documents\visual studio 2010\projects\algobifest\algobifest\release\algobifest.exe.intermediate.manifest
c:\users\user\documents\visual studio 2010\projects\algobifest\release\algobifest.pdb
c:\users\user\source\repos\apa-aja-boleh\legacy\algobifest\algobifest\release\vc141.pdb
c:\users\user\source\repos\apa-aja-boleh\legacy\algobifest\algobifest\release\source.obj
c:\users\user\source\repos\apa-aja-boleh\legacy\algobifest\algobifest\release\algobifest.write.1.tlog
c:\users\user\source\repos\apa-aja-boleh\legacy\algobifest\algobifest\release\cl.command.1.tlog
c:\users\user\source\repos\apa-aja-boleh\legacy\algobifest\algobifest\release\cl.read.1.tlog
c:\users\user\source\repos\apa-aja-boleh\legacy\algobifest\algobifest\release\cl.write.1.tlog
c:\users\user\source\repos\apa-aja-boleh\legacy\algobifest\algobifest\release\link.command.1.tlog
c:\users\user\source\repos\apa-aja-boleh\legacy\algobifest\algobifest\release\link.read.1.tlog
c:\users\user\source\repos\apa-aja-boleh\legacy\algobifest\algobifest\release\link.write.1.tlog
c:\users\user\source\repos\apa-aja-boleh\legacy\algobifest\algobifest\release\mt.command.1.tlog
c:\users\user\source\repos\apa-aja-boleh\legacy\algobifest\algobifest\release\mt.read.1.tlog
c:\users\user\source\repos\apa-aja-boleh\legacy\algobifest\algobifest\release\mt.write.1.tlog
c:\users\user\source\repos\apa-aja-boleh\legacy\algobifest\algobifest\release\algobifest.exe.intermediate.manifest
c:\users\user\source\repos\apa-aja-boleh\legacy\algobifest\algobifest\release\vc100.pdb
c:\users\user\source\repos\apa-aja-boleh\legacy\algobifest\release\algobifest.pdb
c:\users\user\source\repos\apa-aja-boleh\legacy\algobifest\algobifest\release\algobifest.tlog\cl.command.1.tlog
c:\users\user\source\repos\apa-aja-boleh\legacy\algobifest\algobifest\release\algobifest.tlog\cl.read.1.tlog
c:\users\user\source\repos\apa-aja-boleh\legacy\algobifest\algobifest\release\algobifest.tlog\cl.write.1.tlog
c:\users\user\source\repos\apa-aja-boleh\legacy\algobifest\algobifest\release\algobifest.tlog\link-cvtres.read.1.tlog
c:\users\user\source\repos\apa-aja-boleh\legacy\algobifest\algobifest\release\algobifest.tlog\link-cvtres.write.1.tlog
c:\users\user\source\repos\apa-aja-boleh\legacy\algobifest\algobifest\release\algobifest.tlog\link-rc.read.1.tlog
c:\users\user\source\repos\apa-aja-boleh\legacy\algobifest\algobifest\release\algobifest.tlog\link-rc.write.1.tlog
c:\users\user\source\repos\apa-aja-boleh\legacy\algobifest\algobifest\release\algobifest.tlog\link.command.1.tlog
c:\users\user\source\repos\apa-aja-boleh\legacy\algobifest\algobifest\release\algobifest.tlog\link.read.1.tlog
c:\users\user\source\repos\apa-aja-boleh\legacy\algobifest\algobifest\release\algobifest.tlog\link.write.1.tlog
